<?xml version="1.0" encoding="UTF-8"?>
<!-- Generated by org.testng.reporters.JUnitReportReporter -->
<testsuite hostname="onlyforashish" failures="0" tests="1" name="baselibrary.BaseLibrary" time="1.766" errors="0" timestamp="2025-08-30T18:21:46 IST" skipped="0">
  <testcase classname="baselibrary.BaseLibrary" name="launch" time="1.766"/>
</testsuite> <!-- baselibrary.BaseLibrary -->
