<?xml version="1.0" encoding="UTF-8"?>
<!-- Generated by org.testng.reporters.JUnitReportReporter -->
<testsuite hostname="onlyforashish" failures="0" tests="8" name="tests.LoginTest" time="14.568" errors="0" timestamp="2025-09-06T01:35:49 IST" skipped="0">
  <testcase classname="tests.LoginTest" name="ClickOnAll" time="1.105"/>
  <testcase classname="tests.LoginTest" name="ClickOnSineon" time="1.556"/>
  <testcase classname="tests.LoginTest" name="EnterMobileNo" time="0.861"/>
  <testcase classname="tests.LoginTest" name="ClickOnContinue" time="1.774"/>
  <testcase classname="tests.LoginTest" name="EnterPassword" time="4.361"/>
  <testcase classname="tests.LoginTest" name="ClickOnLogin" time="0.558"/>
  <testcase classname="tests.LoginTest" name="ClickOnAll2" time="1.532"/>
  <testcase classname="tests.LoginTest" name="ClickOnSineout" time="2.821"/>
</testsuite> <!-- tests.LoginTest -->
