<?xml version="1.0" encoding="UTF-8"?>
<!-- Generated by org.testng.reporters.JUnitReportReporter -->
<testsuite hostname="onlyforashish" failures="0" tests="8" name="tests.LoginTest" time="17.138" errors="0" timestamp="2025-09-06T21:14:20 IST" skipped="0">
  <testcase classname="tests.LoginTest" name="ClickOnAll" time="4.981"/>
  <testcase classname="tests.LoginTest" name="ClickOnSineon" time="2.594"/>
  <testcase classname="tests.LoginTest" name="EnterMobileNo" time="0.193"/>
  <testcase classname="tests.LoginTest" name="ClickOnContinue" time="1.922"/>
  <testcase classname="tests.LoginTest" name="EnterPassword" time="0.105"/>
  <testcase classname="tests.LoginTest" name="ClickOnLogin" time="0.279"/>
  <testcase classname="tests.LoginTest" name="ClickOnAll2" time="3.739"/>
  <testcase classname="tests.LoginTest" name="ClickOnSineout" time="3.325"/>
</testsuite> <!-- tests.LoginTest -->
